{"/Users/swayamchidrawar/repos/StatPad/backend/models/Error.js": {"path":"/Users/swayamchidrawar/repos/StatPad/backend/models/Error.js","statementMap":{"0":{"start":{"line":3,"column":4},"end":{"line":3,"column":30}},"1":{"start":{"line":4,"column":4},"end":{"line":4,"column":46}},"2":{"start":{"line":5,"column":4},"end":{"line":5,"column":40}},"3":{"start":{"line":6,"column":4},"end":{"line":6,"column":42}},"4":{"start":{"line":7,"column":4},"end":{"line":7,"column":40}},"5":{"start":{"line":12,"column":4},"end":{"line":17,"column":6}},"6":{"start":{"line":21,"column":4},"end":{"line":25,"column":6}},"7":{"start":{"line":31,"column":6},"end":{"line":31,"column":71}},"8":{"start":{"line":32,"column":4},"end":{"line":35,"column":6}},"9":{"start":{"line":39,"column":4},"end":{"line":39,"column":62}},"10":{"start":{"line":43,"column":4},"end":{"line":43,"column":64}},"11":{"start":{"line":47,"column":4},"end":{"line":47,"column":39}},"12":{"start":{"line":47,"column":26},"end":{"line":47,"column":39}},"13":{"start":{"line":49,"column":18},"end":{"line":49,"column":56}},"14":{"start":{"line":50,"column":22},"end":{"line":52,"column":20}},"15":{"start":{"line":54,"column":4},"end":{"line":54,"column":31}},"16":{"start":{"line":58,"column":4},"end":{"line":58,"column":38}},"17":{"start":{"line":58,"column":26},"end":{"line":58,"column":38}},"18":{"start":{"line":59,"column":4},"end":{"line":59,"column":58}},"19":{"start":{"line":64,"column":4},"end":{"line":70,"column":6}},"20":{"start":{"line":75,"column":4},"end":{"line":75,"column":32}},"21":{"start":{"line":80,"column":18},"end":{"line":85,"column":6}},"22":{"start":{"line":87,"column":4},"end":{"line":89,"column":5}},"23":{"start":{"line":88,"column":6},"end":{"line":88,"column":44}},"24":{"start":{"line":91,"column":4},"end":{"line":91,"column":17}}},"fnMap":{"0":{"name":"(anonymous_0)","decl":{"start":{"line":2,"column":2},"end":{"line":2,"column":3}},"loc":{"start":{"line":2,"column":25},"end":{"line":8,"column":3}},"line":2},"1":{"name":"(anonymous_1)","decl":{"start":{"line":11,"column":2},"end":{"line":11,"column":3}},"loc":{"start":{"line":11,"column":12},"end":{"line":18,"column":3}},"line":11},"2":{"name":"(anonymous_2)","decl":{"start":{"line":20,"column":2},"end":{"line":20,"column":3}},"loc":{"start":{"line":20,"column":27},"end":{"line":26,"column":3}},"line":20},"3":{"name":"(anonymous_3)","decl":{"start":{"line":28,"column":2},"end":{"line":28,"column":3}},"loc":{"start":{"line":28,"column":19},"end":{"line":36,"column":3}},"line":28},"4":{"name":"(anonymous_4)","decl":{"start":{"line":38,"column":2},"end":{"line":38,"column":3}},"loc":{"start":{"line":38,"column":19},"end":{"line":40,"column":3}},"line":38},"5":{"name":"(anonymous_5)","decl":{"start":{"line":42,"column":2},"end":{"line":42,"column":3}},"loc":{"start":{"line":42,"column":20},"end":{"line":44,"column":3}},"line":42},"6":{"name":"(anonymous_6)","decl":{"start":{"line":46,"column":2},"end":{"line":46,"column":3}},"loc":{"start":{"line":46,"column":19},"end":{"line":55,"column":3}},"line":46},"7":{"name":"(anonymous_7)","decl":{"start":{"line":57,"column":2},"end":{"line":57,"column":3}},"loc":{"start":{"line":57,"column":21},"end":{"line":60,"column":3}},"line":57},"8":{"name":"(anonymous_8)","decl":{"start":{"line":63,"column":2},"end":{"line":63,"column":3}},"loc":{"start":{"line":63,"column":13},"end":{"line":71,"column":3}},"line":63},"9":{"name":"(anonymous_9)","decl":{"start":{"line":74,"column":2},"end":{"line":74,"column":3}},"loc":{"start":{"line":74,"column":28},"end":{"line":76,"column":3}},"line":74},"10":{"name":"(anonymous_10)","decl":{"start":{"line":79,"column":2},"end":{"line":79,"column":3}},"loc":{"start":{"line":79,"column":41},"end":{"line":92,"column":3}},"line":79}},"branchMap":{"0":{"loc":{"start":{"line":2,"column":14},"end":{"line":2,"column":23}},"type":"default-arg","locations":[{"start":{"line":2,"column":21},"end":{"line":2,"column":23}}],"line":2},"1":{"loc":{"start":{"line":3,"column":14},"end":{"line":3,"column":29}},"type":"binary-expr","locations":[{"start":{"line":3,"column":14},"end":{"line":3,"column":21}},{"start":{"line":3,"column":25},"end":{"line":3,"column":29}}],"line":3},"2":{"loc":{"start":{"line":4,"column":22},"end":{"line":4,"column":45}},"type":"binary-expr","locations":[{"start":{"line":4,"column":22},"end":{"line":4,"column":37}},{"start":{"line":4,"column":41},"end":{"line":4,"column":45}}],"line":4},"3":{"loc":{"start":{"line":5,"column":19},"end":{"line":5,"column":39}},"type":"binary-expr","locations":[{"start":{"line":5,"column":19},"end":{"line":5,"column":31}},{"start":{"line":5,"column":35},"end":{"line":5,"column":39}}],"line":5},"4":{"loc":{"start":{"line":6,"column":20},"end":{"line":6,"column":41}},"type":"binary-expr","locations":[{"start":{"line":6,"column":20},"end":{"line":6,"column":33}},{"start":{"line":6,"column":37},"end":{"line":6,"column":41}}],"line":6},"5":{"loc":{"start":{"line":7,"column":19},"end":{"line":7,"column":39}},"type":"binary-expr","locations":[{"start":{"line":7,"column":19},"end":{"line":7,"column":31}},{"start":{"line":7,"column":35},"end":{"line":7,"column":39}}],"line":7},"6":{"loc":{"start":{"line":13,"column":6},"end":{"line":16,"column":28}},"type":"binary-expr","locations":[{"start":{"line":13,"column":6},"end":{"line":13,"column":35}},{"start":{"line":14,"column":6},"end":{"line":14,"column":27}},{"start":{"line":15,"column":6},"end":{"line":15,"column":27}},{"start":{"line":16,"column":6},"end":{"line":16,"column":28}}],"line":13},"7":{"loc":{"start":{"line":22,"column":6},"end":{"line":24,"column":28}},"type":"binary-expr","locations":[{"start":{"line":22,"column":6},"end":{"line":22,"column":27}},{"start":{"line":23,"column":6},"end":{"line":23,"column":27}},{"start":{"line":24,"column":6},"end":{"line":24,"column":28}}],"line":22},"8":{"loc":{"start":{"line":33,"column":6},"end":{"line":34,"column":36}},"type":"binary-expr","locations":[{"start":{"line":33,"column":6},"end":{"line":33,"column":38}},{"start":{"line":34,"column":6},"end":{"line":34,"column":36}}],"line":33},"9":{"loc":{"start":{"line":39,"column":11},"end":{"line":39,"column":61}},"type":"binary-expr","locations":[{"start":{"line":39,"column":11},"end":{"line":39,"column":41}},{"start":{"line":39,"column":45},"end":{"line":39,"column":61}}],"line":39},"10":{"loc":{"start":{"line":43,"column":11},"end":{"line":43,"column":63}},"type":"binary-expr","locations":[{"start":{"line":43,"column":11},"end":{"line":43,"column":42}},{"start":{"line":43,"column":46},"end":{"line":43,"column":63}}],"line":43},"11":{"loc":{"start":{"line":47,"column":4},"end":{"line":47,"column":39}},"type":"if","locations":[{"start":{"line":47,"column":4},"end":{"line":47,"column":39}},{"start":{},"end":{}}],"line":47},"12":{"loc":{"start":{"line":58,"column":4},"end":{"line":58,"column":38}},"type":"if","locations":[{"start":{"line":58,"column":4},"end":{"line":58,"column":38}},{"start":{},"end":{}}],"line":58},"13":{"loc":{"start":{"line":87,"column":4},"end":{"line":89,"column":5}},"type":"if","locations":[{"start":{"line":87,"column":4},"end":{"line":89,"column":5}},{"start":{},"end":{}}],"line":87}},"s":{"0":41,"1":41,"2":41,"3":41,"4":41,"5":11,"6":15,"7":11,"8":11,"9":11,"10":10,"11":3,"12":1,"13":2,"14":2,"15":2,"16":5,"17":1,"18":4,"19":3,"20":7,"21":7,"22":7,"23":3,"24":4},"f":{"0":41,"1":11,"2":15,"3":11,"4":11,"5":10,"6":3,"7":5,"8":3,"9":7,"10":7},"b":{"0":[1],"1":[41,35],"2":[41,22],"3":[41,20],"4":[41,21],"5":[41,19],"6":[11,8,6,6],"7":[15,12,11],"8":[11,10],"9":[11,8],"10":[10,8],"11":[1,2],"12":[1,4],"13":[3,4]},"_coverageSchema":"1a1c01bbd47fc00a2c39e90264f33305004495a9","hash":"95b639be9c72dd7ab0c987c366a240a52eb64557"}
,"/Users/swayamchidrawar/repos/StatPad/backend/models/ErrorType.js": {"path":"/Users/swayamchidrawar/repos/StatPad/backend/models/ErrorType.js","statementMap":{"0":{"start":{"line":3,"column":4},"end":{"line":3,"column":30}},"1":{"start":{"line":4,"column":4},"end":{"line":4,"column":34}},"2":{"start":{"line":8,"column":4},"end":{"line":8,"column":31}},"3":{"start":{"line":12,"column":4},"end":{"line":16,"column":6}},"4":{"start":{"line":21,"column":4},"end":{"line":21,"column":32}},"5":{"start":{"line":21,"column":20},"end":{"line":21,"column":32}},"6":{"start":{"line":22,"column":4},"end":{"line":22,"column":42}},"7":{"start":{"line":27,"column":24},"end":{"line":34,"column":5}},"8":{"start":{"line":36,"column":4},"end":{"line":36,"column":54}},"9":{"start":{"line":41,"column":4},"end":{"line":44,"column":6}},"10":{"start":{"line":49,"column":4},"end":{"line":49,"column":31}},"11":{"start":{"line":55,"column":6},"end":{"line":55,"column":51}},"12":{"start":{"line":57,"column":22},"end":{"line":59,"column":6}},"13":{"start":{"line":61,"column":4},"end":{"line":63,"column":5}},"14":{"start":{"line":62,"column":6},"end":{"line":62,"column":49}},"15":{"start":{"line":65,"column":4},"end":{"line":65,"column":21}},"16":{"start":{"line":69,"column":4},"end":{"line":69,"column":52}},"17":{"start":{"line":69,"column":39},"end":{"line":69,"column":52}},"18":{"start":{"line":70,"column":4},"end":{"line":70,"column":58}}},"fnMap":{"0":{"name":"(anonymous_0)","decl":{"start":{"line":2,"column":2},"end":{"line":2,"column":3}},"loc":{"start":{"line":2,"column":25},"end":{"line":5,"column":3}},"line":2},"1":{"name":"(anonymous_1)","decl":{"start":{"line":7,"column":2},"end":{"line":7,"column":3}},"loc":{"start":{"line":7,"column":12},"end":{"line":9,"column":3}},"line":7},"2":{"name":"(anonymous_2)","decl":{"start":{"line":11,"column":2},"end":{"line":11,"column":3}},"loc":{"start":{"line":11,"column":17},"end":{"line":17,"column":3}},"line":11},"3":{"name":"(anonymous_3)","decl":{"start":{"line":20,"column":2},"end":{"line":20,"column":3}},"loc":{"start":{"line":20,"column":18},"end":{"line":23,"column":3}},"line":20},"4":{"name":"(anonymous_4)","decl":{"start":{"line":26,"column":2},"end":{"line":26,"column":3}},"loc":{"start":{"line":26,"column":22},"end":{"line":37,"column":3}},"line":26},"5":{"name":"(anonymous_5)","decl":{"start":{"line":40,"column":2},"end":{"line":40,"column":3}},"loc":{"start":{"line":40,"column":13},"end":{"line":45,"column":3}},"line":40},"6":{"name":"(anonymous_6)","decl":{"start":{"line":48,"column":2},"end":{"line":48,"column":3}},"loc":{"start":{"line":48,"column":28},"end":{"line":50,"column":3}},"line":48},"7":{"name":"(anonymous_7)","decl":{"start":{"line":53,"column":2},"end":{"line":53,"column":3}},"loc":{"start":{"line":53,"column":22},"end":{"line":66,"column":3}},"line":53},"8":{"name":"(anonymous_8)","decl":{"start":{"line":68,"column":2},"end":{"line":68,"column":3}},"loc":{"start":{"line":68,"column":16},"end":{"line":71,"column":3}},"line":68}},"branchMap":{"0":{"loc":{"start":{"line":2,"column":14},"end":{"line":2,"column":23}},"type":"default-arg","locations":[{"start":{"line":2,"column":21},"end":{"line":2,"column":23}}],"line":2},"1":{"loc":{"start":{"line":3,"column":14},"end":{"line":3,"column":29}},"type":"binary-expr","locations":[{"start":{"line":3,"column":14},"end":{"line":3,"column":21}},{"start":{"line":3,"column":25},"end":{"line":3,"column":29}}],"line":3},"2":{"loc":{"start":{"line":4,"column":16},"end":{"line":4,"column":33}},"type":"binary-expr","locations":[{"start":{"line":4,"column":16},"end":{"line":4,"column":25}},{"start":{"line":4,"column":29},"end":{"line":4,"column":33}}],"line":4},"3":{"loc":{"start":{"line":13,"column":6},"end":{"line":15,"column":29}},"type":"binary-expr","locations":[{"start":{"line":13,"column":6},"end":{"line":13,"column":35}},{"start":{"line":14,"column":6},"end":{"line":14,"column":33}},{"start":{"line":15,"column":6},"end":{"line":15,"column":29}}],"line":13},"4":{"loc":{"start":{"line":21,"column":4},"end":{"line":21,"column":32}},"type":"if","locations":[{"start":{"line":21,"column":4},"end":{"line":21,"column":32}},{"start":{},"end":{}}],"line":21},"5":{"loc":{"start":{"line":55,"column":6},"end":{"line":55,"column":51}},"type":"cond-expr","locations":[{"start":{"line":55,"column":33},"end":{"line":55,"column":44}},{"start":{"line":55,"column":47},"end":{"line":55,"column":51}}],"line":55},"6":{"loc":{"start":{"line":61,"column":4},"end":{"line":63,"column":5}},"type":"if","locations":[{"start":{"line":61,"column":4},"end":{"line":63,"column":5}},{"start":{},"end":{}}],"line":61},"7":{"loc":{"start":{"line":69,"column":4},"end":{"line":69,"column":52}},"type":"if","locations":[{"start":{"line":69,"column":4},"end":{"line":69,"column":52}},{"start":{},"end":{}}],"line":69}},"s":{"0":55,"1":55,"2":14,"3":21,"4":24,"5":4,"6":20,"7":10,"8":10,"9":3,"10":7,"11":8,"12":8,"13":8,"14":4,"15":4,"16":8,"17":3,"18":5},"f":{"0":55,"1":14,"2":21,"3":24,"4":10,"5":3,"6":7,"7":8,"8":8},"b":{"0":[1],"1":[55,46],"2":[55,11],"3":[21,12,11],"4":[4,20],"5":[6,2],"6":[4,4],"7":[3,5]},"_coverageSchema":"1a1c01bbd47fc00a2c39e90264f33305004495a9","hash":"84c732ba1bfd0b4489356af486ba227786ea0ea3"}
,"/Users/swayamchidrawar/repos/StatPad/backend/models/Game.js": {"path":"/Users/swayamchidrawar/repos/StatPad/backend/models/Game.js","statementMap":{"0":{"start":{"line":3,"column":4},"end":{"line":3,"column":30}},"1":{"start":{"line":4,"column":4},"end":{"line":4,"column":46}},"2":{"start":{"line":5,"column":4},"end":{"line":5,"column":48}},"3":{"start":{"line":6,"column":4},"end":{"line":6,"column":40}},"4":{"start":{"line":10,"column":4},"end":{"line":10,"column":51}},"5":{"start":{"line":16,"column":6},"end":{"line":16,"column":71}},"6":{"start":{"line":17,"column":4},"end":{"line":20,"column":6}},"7":{"start":{"line":24,"column":4},"end":{"line":24,"column":37}},"8":{"start":{"line":28,"column":4},"end":{"line":30,"column":6}},"9":{"start":{"line":34,"column":4},"end":{"line":34,"column":38}},"10":{"start":{"line":34,"column":26},"end":{"line":34,"column":38}},"11":{"start":{"line":36,"column":20},"end":{"line":38,"column":18}},"12":{"start":{"line":39,"column":22},"end":{"line":39,"column":47}},"13":{"start":{"line":41,"column":4},"end":{"line":41,"column":41}},"14":{"start":{"line":46,"column":4},"end":{"line":51,"column":6}},"15":{"start":{"line":56,"column":4},"end":{"line":56,"column":26}},"16":{"start":{"line":61,"column":17},"end":{"line":65,"column":6}},"17":{"start":{"line":67,"column":4},"end":{"line":69,"column":5}},"18":{"start":{"line":68,"column":6},"end":{"line":68,"column":43}},"19":{"start":{"line":71,"column":4},"end":{"line":71,"column":16}}},"fnMap":{"0":{"name":"(anonymous_0)","decl":{"start":{"line":2,"column":2},"end":{"line":2,"column":3}},"loc":{"start":{"line":2,"column":25},"end":{"line":7,"column":3}},"line":2},"1":{"name":"(anonymous_1)","decl":{"start":{"line":9,"column":2},"end":{"line":9,"column":3}},"loc":{"start":{"line":9,"column":12},"end":{"line":11,"column":3}},"line":9},"2":{"name":"(anonymous_2)","decl":{"start":{"line":13,"column":2},"end":{"line":13,"column":3}},"loc":{"start":{"line":13,"column":19},"end":{"line":21,"column":3}},"line":13},"3":{"name":"(anonymous_3)","decl":{"start":{"line":23,"column":2},"end":{"line":23,"column":3}},"loc":{"start":{"line":23,"column":15},"end":{"line":25,"column":3}},"line":23},"4":{"name":"(anonymous_4)","decl":{"start":{"line":27,"column":2},"end":{"line":27,"column":3}},"loc":{"start":{"line":27,"column":17},"end":{"line":31,"column":3}},"line":27},"5":{"name":"(anonymous_5)","decl":{"start":{"line":33,"column":2},"end":{"line":33,"column":3}},"loc":{"start":{"line":33,"column":16},"end":{"line":42,"column":3}},"line":33},"6":{"name":"(anonymous_6)","decl":{"start":{"line":45,"column":2},"end":{"line":45,"column":3}},"loc":{"start":{"line":45,"column":13},"end":{"line":52,"column":3}},"line":45},"7":{"name":"(anonymous_7)","decl":{"start":{"line":55,"column":2},"end":{"line":55,"column":3}},"loc":{"start":{"line":55,"column":28},"end":{"line":57,"column":3}},"line":55},"8":{"name":"(anonymous_8)","decl":{"start":{"line":60,"column":2},"end":{"line":60,"column":3}},"loc":{"start":{"line":60,"column":24},"end":{"line":72,"column":3}},"line":60}},"branchMap":{"0":{"loc":{"start":{"line":2,"column":14},"end":{"line":2,"column":23}},"type":"default-arg","locations":[{"start":{"line":2,"column":21},"end":{"line":2,"column":23}}],"line":2},"1":{"loc":{"start":{"line":3,"column":14},"end":{"line":3,"column":29}},"type":"binary-expr","locations":[{"start":{"line":3,"column":14},"end":{"line":3,"column":21}},{"start":{"line":3,"column":25},"end":{"line":3,"column":29}}],"line":3},"2":{"loc":{"start":{"line":4,"column":22},"end":{"line":4,"column":45}},"type":"binary-expr","locations":[{"start":{"line":4,"column":22},"end":{"line":4,"column":37}},{"start":{"line":4,"column":41},"end":{"line":4,"column":45}}],"line":4},"3":{"loc":{"start":{"line":5,"column":23},"end":{"line":5,"column":47}},"type":"binary-expr","locations":[{"start":{"line":5,"column":23},"end":{"line":5,"column":39}},{"start":{"line":5,"column":43},"end":{"line":5,"column":47}}],"line":5},"4":{"loc":{"start":{"line":6,"column":19},"end":{"line":6,"column":39}},"type":"binary-expr","locations":[{"start":{"line":6,"column":19},"end":{"line":6,"column":31}},{"start":{"line":6,"column":35},"end":{"line":6,"column":39}}],"line":6},"5":{"loc":{"start":{"line":10,"column":11},"end":{"line":10,"column":50}},"type":"binary-expr","locations":[{"start":{"line":10,"column":11},"end":{"line":10,"column":25}},{"start":{"line":10,"column":29},"end":{"line":10,"column":50}}],"line":10},"6":{"loc":{"start":{"line":18,"column":6},"end":{"line":19,"column":36}},"type":"binary-expr","locations":[{"start":{"line":18,"column":6},"end":{"line":18,"column":38}},{"start":{"line":19,"column":6},"end":{"line":19,"column":36}}],"line":18},"7":{"loc":{"start":{"line":29,"column":6},"end":{"line":29,"column":59}},"type":"binary-expr","locations":[{"start":{"line":29,"column":6},"end":{"line":29,"column":30}},{"start":{"line":29,"column":34},"end":{"line":29,"column":59}}],"line":29},"8":{"loc":{"start":{"line":34,"column":4},"end":{"line":34,"column":38}},"type":"if","locations":[{"start":{"line":34,"column":4},"end":{"line":34,"column":38}},{"start":{},"end":{}}],"line":34},"9":{"loc":{"start":{"line":36,"column":20},"end":{"line":38,"column":18}},"type":"cond-expr","locations":[{"start":{"line":37,"column":8},"end":{"line":37,"column":34}},{"start":{"line":38,"column":8},"end":{"line":38,"column":18}}],"line":36},"10":{"loc":{"start":{"line":67,"column":4},"end":{"line":69,"column":5}},"type":"if","locations":[{"start":{"line":67,"column":4},"end":{"line":69,"column":5}},{"start":{},"end":{}}],"line":67}},"s":{"0":35,"1":35,"2":35,"3":35,"4":11,"5":12,"6":12,"7":4,"8":7,"9":3,"10":1,"11":2,"12":2,"13":2,"14":3,"15":11,"16":7,"17":7,"18":3,"19":4},"f":{"0":35,"1":11,"2":12,"3":4,"4":7,"5":3,"6":3,"7":11,"8":7},"b":{"0":[2],"1":[35,22],"2":[35,11],"3":[35,28],"4":[35,11],"5":[11,9],"6":[12,11],"7":[7,6],"8":[1,2],"9":[1,1],"10":[3,4]},"_coverageSchema":"1a1c01bbd47fc00a2c39e90264f33305004495a9","hash":"6b799d0555382c0415d1609cf7414f2c8f4c96d2"}
,"/Users/swayamchidrawar/repos/StatPad/backend/services/auth_service.js": {"path":"/Users/swayamchidrawar/repos/StatPad/backend/services/auth_service.js","statementMap":{"0":{"start":{"line":11,"column":4},"end":{"line":31,"column":5}},"1":{"start":{"line":12,"column":6},"end":{"line":14,"column":7}},"2":{"start":{"line":13,"column":8},"end":{"line":13,"column":59}},"3":{"start":{"line":16,"column":30},"end":{"line":19,"column":8}},"4":{"start":{"line":21,"column":6},"end":{"line":23,"column":7}},"5":{"start":{"line":22,"column":8},"end":{"line":22,"column":60}},"6":{"start":{"line":25,"column":6},"end":{"line":28,"column":8}},"7":{"start":{"line":30,"column":6},"end":{"line":30,"column":18}},"8":{"start":{"line":41,"column":4},"end":{"line":62,"column":5}},"9":{"start":{"line":42,"column":6},"end":{"line":44,"column":7}},"10":{"start":{"line":43,"column":8},"end":{"line":43,"column":59}},"11":{"start":{"line":47,"column":8},"end":{"line":50,"column":10}},"12":{"start":{"line":52,"column":6},"end":{"line":54,"column":7}},"13":{"start":{"line":53,"column":8},"end":{"line":53,"column":60}},"14":{"start":{"line":56,"column":6},"end":{"line":59,"column":8}},"15":{"start":{"line":61,"column":6},"end":{"line":61,"column":18}},"16":{"start":{"line":71,"column":4},"end":{"line":88,"column":5}},"17":{"start":{"line":72,"column":6},"end":{"line":74,"column":7}},"18":{"start":{"line":73,"column":8},"end":{"line":73,"column":45}},"19":{"start":{"line":79,"column":10},"end":{"line":79,"column":44}},"20":{"start":{"line":81,"column":6},"end":{"line":83,"column":7}},"21":{"start":{"line":82,"column":8},"end":{"line":82,"column":59}},"22":{"start":{"line":85,"column":6},"end":{"line":85,"column":18}},"23":{"start":{"line":87,"column":6},"end":{"line":87,"column":18}},"24":{"start":{"line":97,"column":4},"end":{"line":99,"column":5}},"25":{"start":{"line":98,"column":6},"end":{"line":98,"column":18}},"26":{"start":{"line":100,"column":4},"end":{"line":100,"column":36}},"27":{"start":{"line":109,"column":4},"end":{"line":113,"column":6}},"28":{"start":{"line":121,"column":4},"end":{"line":128,"column":5}},"29":{"start":{"line":122,"column":24},"end":{"line":122,"column":53}},"30":{"start":{"line":123,"column":6},"end":{"line":125,"column":7}},"31":{"start":{"line":124,"column":8},"end":{"line":124,"column":61}},"32":{"start":{"line":127,"column":6},"end":{"line":127,"column":18}},"33":{"start":{"line":137,"column":4},"end":{"line":151,"column":5}},"34":{"start":{"line":138,"column":6},"end":{"line":140,"column":7}},"35":{"start":{"line":139,"column":8},"end":{"line":139,"column":45}},"36":{"start":{"line":143,"column":8},"end":{"line":143,"column":56}},"37":{"start":{"line":144,"column":6},"end":{"line":148,"column":7}},"38":{"start":{"line":145,"column":8},"end":{"line":147,"column":10}},"39":{"start":{"line":150,"column":6},"end":{"line":150,"column":18}}},"fnMap":{"0":{"name":"(anonymous_0)","decl":{"start":{"line":10,"column":2},"end":{"line":10,"column":3}},"loc":{"start":{"line":10,"column":39},"end":{"line":32,"column":3}},"line":10},"1":{"name":"(anonymous_1)","decl":{"start":{"line":40,"column":2},"end":{"line":40,"column":3}},"loc":{"start":{"line":40,"column":39},"end":{"line":63,"column":3}},"line":40},"2":{"name":"(anonymous_2)","decl":{"start":{"line":70,"column":2},"end":{"line":70,"column":3}},"loc":{"start":{"line":70,"column":39},"end":{"line":89,"column":3}},"line":70},"3":{"name":"(anonymous_3)","decl":{"start":{"line":96,"column":2},"end":{"line":96,"column":3}},"loc":{"start":{"line":96,"column":44},"end":{"line":101,"column":3}},"line":96},"4":{"name":"(anonymous_4)","decl":{"start":{"line":108,"column":2},"end":{"line":108,"column":3}},"loc":{"start":{"line":108,"column":40},"end":{"line":114,"column":3}},"line":108},"5":{"name":"(anonymous_5)","decl":{"start":{"line":120,"column":2},"end":{"line":120,"column":3}},"loc":{"start":{"line":120,"column":25},"end":{"line":129,"column":3}},"line":120},"6":{"name":"(anonymous_6)","decl":{"start":{"line":136,"column":2},"end":{"line":136,"column":3}},"loc":{"start":{"line":136,"column":36},"end":{"line":152,"column":3}},"line":136}},"branchMap":{"0":{"loc":{"start":{"line":12,"column":6},"end":{"line":14,"column":7}},"type":"if","locations":[{"start":{"line":12,"column":6},"end":{"line":14,"column":7}},{"start":{},"end":{}}],"line":12},"1":{"loc":{"start":{"line":12,"column":10},"end":{"line":12,"column":29}},"type":"binary-expr","locations":[{"start":{"line":12,"column":10},"end":{"line":12,"column":16}},{"start":{"line":12,"column":20},"end":{"line":12,"column":29}}],"line":12},"2":{"loc":{"start":{"line":21,"column":6},"end":{"line":23,"column":7}},"type":"if","locations":[{"start":{"line":21,"column":6},"end":{"line":23,"column":7}},{"start":{},"end":{}}],"line":21},"3":{"loc":{"start":{"line":42,"column":6},"end":{"line":44,"column":7}},"type":"if","locations":[{"start":{"line":42,"column":6},"end":{"line":44,"column":7}},{"start":{},"end":{}}],"line":42},"4":{"loc":{"start":{"line":42,"column":10},"end":{"line":42,"column":29}},"type":"binary-expr","locations":[{"start":{"line":42,"column":10},"end":{"line":42,"column":16}},{"start":{"line":42,"column":20},"end":{"line":42,"column":29}}],"line":42},"5":{"loc":{"start":{"line":52,"column":6},"end":{"line":54,"column":7}},"type":"if","locations":[{"start":{"line":52,"column":6},"end":{"line":54,"column":7}},{"start":{},"end":{}}],"line":52},"6":{"loc":{"start":{"line":72,"column":6},"end":{"line":74,"column":7}},"type":"if","locations":[{"start":{"line":72,"column":6},"end":{"line":74,"column":7}},{"start":{},"end":{}}],"line":72},"7":{"loc":{"start":{"line":81,"column":6},"end":{"line":83,"column":7}},"type":"if","locations":[{"start":{"line":81,"column":6},"end":{"line":83,"column":7}},{"start":{},"end":{}}],"line":81},"8":{"loc":{"start":{"line":97,"column":4},"end":{"line":99,"column":5}},"type":"if","locations":[{"start":{"line":97,"column":4},"end":{"line":99,"column":5}},{"start":{},"end":{}}],"line":97},"9":{"loc":{"start":{"line":97,"column":8},"end":{"line":97,"column":56}},"type":"binary-expr","locations":[{"start":{"line":97,"column":8},"end":{"line":97,"column":19}},{"start":{"line":97,"column":23},"end":{"line":97,"column":56}}],"line":97},"10":{"loc":{"start":{"line":110,"column":6},"end":{"line":112,"column":40}},"type":"binary-expr","locations":[{"start":{"line":110,"column":6},"end":{"line":110,"column":36}},{"start":{"line":111,"column":6},"end":{"line":111,"column":38}},{"start":{"line":112,"column":6},"end":{"line":112,"column":40}}],"line":110},"11":{"loc":{"start":{"line":123,"column":6},"end":{"line":125,"column":7}},"type":"if","locations":[{"start":{"line":123,"column":6},"end":{"line":125,"column":7}},{"start":{},"end":{}}],"line":123},"12":{"loc":{"start":{"line":138,"column":6},"end":{"line":140,"column":7}},"type":"if","locations":[{"start":{"line":138,"column":6},"end":{"line":140,"column":7}},{"start":{},"end":{}}],"line":138},"13":{"loc":{"start":{"line":144,"column":6},"end":{"line":148,"column":7}},"type":"if","locations":[{"start":{"line":144,"column":6},"end":{"line":148,"column":7}},{"start":{},"end":{}}],"line":144}},"s":{"0":4,"1":4,"2":2,"3":2,"4":2,"5":1,"6":1,"7":3,"8":4,"9":4,"10":2,"11":2,"12":2,"13":1,"14":1,"15":3,"16":3,"17":3,"18":1,"19":2,"20":2,"21":1,"22":1,"23":2,"24":9,"25":6,"26":3,"27":13,"28":2,"29":2,"30":2,"31":1,"32":1,"33":3,"34":3,"35":1,"36":2,"37":2,"38":1,"39":2},"f":{"0":4,"1":4,"2":3,"3":9,"4":13,"5":2,"6":3},"b":{"0":[2,2],"1":[4,3],"2":[1,1],"3":[2,2],"4":[4,3],"5":[1,1],"6":[1,2],"7":[1,1],"8":[6,3],"9":[9,6],"10":[13,9,5],"11":[1,1],"12":[1,2],"13":[1,1]},"_coverageSchema":"1a1c01bbd47fc00a2c39e90264f33305004495a9","hash":"ae67fd7b0a52846d2abf77b1219b3d033f7c36b1"}
,"/Users/swayamchidrawar/repos/StatPad/backend/services/error_service.js": {"path":"/Users/swayamchidrawar/repos/StatPad/backend/services/error_service.js","statementMap":{"0":{"start":{"line":14,"column":4},"end":{"line":69,"column":5}},"1":{"start":{"line":16,"column":6},"end":{"line":20,"column":7}},"2":{"start":{"line":17,"column":8},"end":{"line":19,"column":10}},"3":{"start":{"line":24,"column":8},"end":{"line":29,"column":19}},"4":{"start":{"line":31,"column":6},"end":{"line":33,"column":7}},"5":{"start":{"line":32,"column":8},"end":{"line":32,"column":58}},"6":{"start":{"line":37,"column":8},"end":{"line":41,"column":19}},"7":{"start":{"line":43,"column":6},"end":{"line":45,"column":7}},"8":{"start":{"line":44,"column":8},"end":{"line":44,"column":46}},"9":{"start":{"line":48,"column":20},"end":{"line":52,"column":7}},"10":{"start":{"line":55,"column":43},"end":{"line":58,"column":17}},"11":{"start":{"line":60,"column":6},"end":{"line":64,"column":7}},"12":{"start":{"line":61,"column":8},"end":{"line":63,"column":10}},"13":{"start":{"line":66,"column":6},"end":{"line":66,"column":46}},"14":{"start":{"line":68,"column":6},"end":{"line":68,"column":18}},"15":{"start":{"line":78,"column":4},"end":{"line":100,"column":5}},"16":{"start":{"line":79,"column":6},"end":{"line":81,"column":7}},"17":{"start":{"line":80,"column":8},"end":{"line":80,"column":47}},"18":{"start":{"line":83,"column":20},"end":{"line":83,"column":58}},"19":{"start":{"line":85,"column":31},"end":{"line":89,"column":48}},"20":{"start":{"line":91,"column":6},"end":{"line":95,"column":7}},"21":{"start":{"line":92,"column":8},"end":{"line":94,"column":10}},"22":{"start":{"line":97,"column":6},"end":{"line":97,"column":24}},"23":{"start":{"line":99,"column":6},"end":{"line":99,"column":18}},"24":{"start":{"line":110,"column":4},"end":{"line":139,"column":5}},"25":{"start":{"line":111,"column":6},"end":{"line":113,"column":7}},"26":{"start":{"line":112,"column":8},"end":{"line":112,"column":60}},"27":{"start":{"line":115,"column":30},"end":{"line":125,"column":49}},"28":{"start":{"line":127,"column":6},"end":{"line":131,"column":7}},"29":{"start":{"line":128,"column":8},"end":{"line":130,"column":10}},"30":{"start":{"line":133,"column":6},"end":{"line":136,"column":10}},"31":{"start":{"line":133,"column":38},"end":{"line":136,"column":7}},"32":{"start":{"line":138,"column":6},"end":{"line":138,"column":18}},"33":{"start":{"line":148,"column":4},"end":{"line":181,"column":5}},"34":{"start":{"line":149,"column":6},"end":{"line":151,"column":7}},"35":{"start":{"line":150,"column":8},"end":{"line":150,"column":47}},"36":{"start":{"line":153,"column":30},"end":{"line":157,"column":49}},"37":{"start":{"line":159,"column":6},"end":{"line":163,"column":7}},"38":{"start":{"line":160,"column":8},"end":{"line":162,"column":10}},"39":{"start":{"line":166,"column":29},"end":{"line":171,"column":12}},"40":{"start":{"line":167,"column":27},"end":{"line":167,"column":57}},"41":{"start":{"line":168,"column":21},"end":{"line":168,"column":50}},"42":{"start":{"line":169,"column":8},"end":{"line":169,"column":41}},"43":{"start":{"line":170,"column":8},"end":{"line":170,"column":19}},"44":{"start":{"line":173,"column":6},"end":{"line":178,"column":8}},"45":{"start":{"line":174,"column":28},"end":{"line":177,"column":9}},"46":{"start":{"line":180,"column":6},"end":{"line":180,"column":18}},"47":{"start":{"line":189,"column":4},"end":{"line":206,"column":5}},"48":{"start":{"line":190,"column":30},"end":{"line":193,"column":22}},"49":{"start":{"line":195,"column":6},"end":{"line":199,"column":7}},"50":{"start":{"line":196,"column":8},"end":{"line":198,"column":10}},"51":{"start":{"line":201,"column":6},"end":{"line":203,"column":8}},"52":{"start":{"line":202,"column":8},"end":{"line":202,"column":45}},"53":{"start":{"line":205,"column":6},"end":{"line":205,"column":18}},"54":{"start":{"line":215,"column":4},"end":{"line":238,"column":5}},"55":{"start":{"line":216,"column":6},"end":{"line":218,"column":7}},"56":{"start":{"line":217,"column":8},"end":{"line":217,"column":55}},"57":{"start":{"line":220,"column":30},"end":{"line":224,"column":17}},"58":{"start":{"line":226,"column":6},"end":{"line":233,"column":7}},"59":{"start":{"line":227,"column":8},"end":{"line":229,"column":9}},"60":{"start":{"line":228,"column":10},"end":{"line":228,"column":22}},"61":{"start":{"line":230,"column":8},"end":{"line":232,"column":10}},"62":{"start":{"line":235,"column":6},"end":{"line":235,"column":42}},"63":{"start":{"line":237,"column":6},"end":{"line":237,"column":18}},"64":{"start":{"line":247,"column":4},"end":{"line":265,"column":5}},"65":{"start":{"line":249,"column":24},"end":{"line":249,"column":46}},"66":{"start":{"line":251,"column":30},"end":{"line":254,"column":17}},"67":{"start":{"line":256,"column":6},"end":{"line":260,"column":7}},"68":{"start":{"line":257,"column":8},"end":{"line":259,"column":10}},"69":{"start":{"line":262,"column":6},"end":{"line":262,"column":45}},"70":{"start":{"line":264,"column":6},"end":{"line":264,"column":18}},"71":{"start":{"line":280,"column":4},"end":{"line":313,"column":5}},"72":{"start":{"line":281,"column":6},"end":{"line":285,"column":7}},"73":{"start":{"line":282,"column":8},"end":{"line":284,"column":10}},"74":{"start":{"line":287,"column":30},"end":{"line":299,"column":49}},"75":{"start":{"line":301,"column":6},"end":{"line":305,"column":7}},"76":{"start":{"line":302,"column":8},"end":{"line":304,"column":10}},"77":{"start":{"line":307,"column":6},"end":{"line":310,"column":10}},"78":{"start":{"line":307,"column":38},"end":{"line":310,"column":7}},"79":{"start":{"line":312,"column":6},"end":{"line":312,"column":18}}},"fnMap":{"0":{"name":"(anonymous_0)","decl":{"start":{"line":13,"column":2},"end":{"line":13,"column":3}},"loc":{"start":{"line":13,"column":51},"end":{"line":70,"column":3}},"line":13},"1":{"name":"(anonymous_1)","decl":{"start":{"line":77,"column":2},"end":{"line":77,"column":3}},"loc":{"start":{"line":77,"column":43},"end":{"line":101,"column":3}},"line":77},"2":{"name":"(anonymous_2)","decl":{"start":{"line":109,"column":2},"end":{"line":109,"column":3}},"loc":{"start":{"line":109,"column":45},"end":{"line":140,"column":3}},"line":109},"3":{"name":"(anonymous_3)","decl":{"start":{"line":133,"column":22},"end":{"line":133,"column":23}},"loc":{"start":{"line":133,"column":38},"end":{"line":136,"column":7}},"line":133},"4":{"name":"(anonymous_4)","decl":{"start":{"line":147,"column":2},"end":{"line":147,"column":3}},"loc":{"start":{"line":147,"column":46},"end":{"line":182,"column":3}},"line":147},"5":{"name":"(anonymous_5)","decl":{"start":{"line":166,"column":41},"end":{"line":166,"column":42}},"loc":{"start":{"line":166,"column":57},"end":{"line":171,"column":7}},"line":166},"6":{"name":"(anonymous_6)","decl":{"start":{"line":174,"column":8},"end":{"line":174,"column":9}},"loc":{"start":{"line":174,"column":28},"end":{"line":177,"column":9}},"line":174},"7":{"name":"(anonymous_7)","decl":{"start":{"line":188,"column":2},"end":{"line":188,"column":3}},"loc":{"start":{"line":188,"column":34},"end":{"line":207,"column":3}},"line":188},"8":{"name":"(anonymous_8)","decl":{"start":{"line":201,"column":22},"end":{"line":201,"column":23}},"loc":{"start":{"line":202,"column":8},"end":{"line":202,"column":45}},"line":202},"9":{"name":"(anonymous_9)","decl":{"start":{"line":214,"column":2},"end":{"line":214,"column":3}},"loc":{"start":{"line":214,"column":40},"end":{"line":239,"column":3}},"line":214},"10":{"name":"(anonymous_10)","decl":{"start":{"line":246,"column":2},"end":{"line":246,"column":3}},"loc":{"start":{"line":246,"column":37},"end":{"line":266,"column":3}},"line":246},"11":{"name":"(anonymous_11)","decl":{"start":{"line":275,"column":2},"end":{"line":275,"column":3}},"loc":{"start":{"line":279,"column":4},"end":{"line":314,"column":3}},"line":279},"12":{"name":"(anonymous_12)","decl":{"start":{"line":307,"column":22},"end":{"line":307,"column":23}},"loc":{"start":{"line":307,"column":38},"end":{"line":310,"column":7}},"line":307}},"branchMap":{"0":{"loc":{"start":{"line":16,"column":6},"end":{"line":20,"column":7}},"type":"if","locations":[{"start":{"line":16,"column":6},"end":{"line":20,"column":7}},{"start":{},"end":{}}],"line":16},"1":{"loc":{"start":{"line":16,"column":10},"end":{"line":16,"column":42}},"type":"binary-expr","locations":[{"start":{"line":16,"column":10},"end":{"line":16,"column":17}},{"start":{"line":16,"column":21},"end":{"line":16,"column":31}},{"start":{"line":16,"column":35},"end":{"line":16,"column":42}}],"line":16},"2":{"loc":{"start":{"line":31,"column":6},"end":{"line":33,"column":7}},"type":"if","locations":[{"start":{"line":31,"column":6},"end":{"line":33,"column":7}},{"start":{},"end":{}}],"line":31},"3":{"loc":{"start":{"line":31,"column":10},"end":{"line":31,"column":32}},"type":"binary-expr","locations":[{"start":{"line":31,"column":10},"end":{"line":31,"column":19}},{"start":{"line":31,"column":23},"end":{"line":31,"column":32}}],"line":31},"4":{"loc":{"start":{"line":43,"column":6},"end":{"line":45,"column":7}},"type":"if","locations":[{"start":{"line":43,"column":6},"end":{"line":45,"column":7}},{"start":{},"end":{}}],"line":43},"5":{"loc":{"start":{"line":43,"column":10},"end":{"line":43,"column":42}},"type":"binary-expr","locations":[{"start":{"line":43,"column":10},"end":{"line":43,"column":24}},{"start":{"line":43,"column":28},"end":{"line":43,"column":42}}],"line":43},"6":{"loc":{"start":{"line":60,"column":6},"end":{"line":64,"column":7}},"type":"if","locations":[{"start":{"line":60,"column":6},"end":{"line":64,"column":7}},{"start":{},"end":{}}],"line":60},"7":{"loc":{"start":{"line":79,"column":6},"end":{"line":81,"column":7}},"type":"if","locations":[{"start":{"line":79,"column":6},"end":{"line":81,"column":7}},{"start":{},"end":{}}],"line":79},"8":{"loc":{"start":{"line":91,"column":6},"end":{"line":95,"column":7}},"type":"if","locations":[{"start":{"line":91,"column":6},"end":{"line":95,"column":7}},{"start":{},"end":{}}],"line":91},"9":{"loc":{"start":{"line":97,"column":13},"end":{"line":97,"column":23}},"type":"binary-expr","locations":[{"start":{"line":97,"column":13},"end":{"line":97,"column":18}},{"start":{"line":97,"column":22},"end":{"line":97,"column":23}}],"line":97},"10":{"loc":{"start":{"line":111,"column":6},"end":{"line":113,"column":7}},"type":"if","locations":[{"start":{"line":111,"column":6},"end":{"line":113,"column":7}},{"start":{},"end":{}}],"line":111},"11":{"loc":{"start":{"line":111,"column":10},"end":{"line":111,"column":28}},"type":"binary-expr","locations":[{"start":{"line":111,"column":10},"end":{"line":111,"column":17}},{"start":{"line":111,"column":21},"end":{"line":111,"column":28}}],"line":111},"12":{"loc":{"start":{"line":127,"column":6},"end":{"line":131,"column":7}},"type":"if","locations":[{"start":{"line":127,"column":6},"end":{"line":131,"column":7}},{"start":{},"end":{}}],"line":127},"13":{"loc":{"start":{"line":149,"column":6},"end":{"line":151,"column":7}},"type":"if","locations":[{"start":{"line":149,"column":6},"end":{"line":151,"column":7}},{"start":{},"end":{}}],"line":149},"14":{"loc":{"start":{"line":159,"column":6},"end":{"line":163,"column":7}},"type":"if","locations":[{"start":{"line":159,"column":6},"end":{"line":163,"column":7}},{"start":{},"end":{}}],"line":159},"15":{"loc":{"start":{"line":169,"column":21},"end":{"line":169,"column":35}},"type":"binary-expr","locations":[{"start":{"line":169,"column":21},"end":{"line":169,"column":30}},{"start":{"line":169,"column":34},"end":{"line":169,"column":35}}],"line":169},"16":{"loc":{"start":{"line":195,"column":6},"end":{"line":199,"column":7}},"type":"if","locations":[{"start":{"line":195,"column":6},"end":{"line":199,"column":7}},{"start":{},"end":{}}],"line":195},"17":{"loc":{"start":{"line":216,"column":6},"end":{"line":218,"column":7}},"type":"if","locations":[{"start":{"line":216,"column":6},"end":{"line":218,"column":7}},{"start":{},"end":{}}],"line":216},"18":{"loc":{"start":{"line":226,"column":6},"end":{"line":233,"column":7}},"type":"if","locations":[{"start":{"line":226,"column":6},"end":{"line":233,"column":7}},{"start":{},"end":{}}],"line":226},"19":{"loc":{"start":{"line":227,"column":8},"end":{"line":229,"column":9}},"type":"if","locations":[{"start":{"line":227,"column":8},"end":{"line":229,"column":9}},{"start":{},"end":{}}],"line":227},"20":{"loc":{"start":{"line":256,"column":6},"end":{"line":260,"column":7}},"type":"if","locations":[{"start":{"line":256,"column":6},"end":{"line":260,"column":7}},{"start":{},"end":{}}],"line":256},"21":{"loc":{"start":{"line":281,"column":6},"end":{"line":285,"column":7}},"type":"if","locations":[{"start":{"line":281,"column":6},"end":{"line":285,"column":7}},{"start":{},"end":{}}],"line":281},"22":{"loc":{"start":{"line":281,"column":10},"end":{"line":281,"column":43}},"type":"binary-expr","locations":[{"start":{"line":281,"column":10},"end":{"line":281,"column":17}},{"start":{"line":281,"column":21},"end":{"line":281,"column":31}},{"start":{"line":281,"column":35},"end":{"line":281,"column":43}}],"line":281},"23":{"loc":{"start":{"line":301,"column":6},"end":{"line":305,"column":7}},"type":"if","locations":[{"start":{"line":301,"column":6},"end":{"line":305,"column":7}},{"start":{},"end":{}}],"line":301}},"s":{"0":7,"1":7,"2":3,"3":4,"4":4,"5":1,"6":3,"7":3,"8":1,"9":2,"10":2,"11":2,"12":1,"13":1,"14":6,"15":4,"16":4,"17":1,"18":3,"19":3,"20":3,"21":1,"22":2,"23":2,"24":3,"25":3,"26":2,"27":1,"28":1,"29":0,"30":1,"31":1,"32":2,"33":2,"34":2,"35":1,"36":1,"37":1,"38":0,"39":1,"40":3,"41":3,"42":3,"43":3,"44":1,"45":2,"46":1,"47":2,"48":2,"49":2,"50":1,"51":1,"52":2,"53":1,"54":3,"55":3,"56":1,"57":2,"58":2,"59":1,"60":1,"61":0,"62":1,"63":1,"64":2,"65":2,"66":2,"67":2,"68":1,"69":1,"70":1,"71":4,"72":4,"73":3,"74":1,"75":1,"76":0,"77":1,"78":1,"79":3},"f":{"0":7,"1":4,"2":3,"3":1,"4":2,"5":3,"6":2,"7":2,"8":2,"9":3,"10":2,"11":4,"12":1},"b":{"0":[3,4],"1":[7,6,5],"2":[1,3],"3":[4,3],"4":[1,2],"5":[3,2],"6":[1,1],"7":[1,3],"8":[1,2],"9":[2,1],"10":[2,1],"11":[3,2],"12":[0,1],"13":[1,1],"14":[0,1],"15":[3,2],"16":[1,1],"17":[1,2],"18":[1,1],"19":[1,0],"20":[1,1],"21":[3,1],"22":[4,3,2],"23":[0,1]},"_coverageSchema":"1a1c01bbd47fc00a2c39e90264f33305004495a9","hash":"7c67bbbebac1a7b5aa0dc64d3a87475f4615b418"}
,"/Users/swayamchidrawar/repos/StatPad/backend/services/game_service.js": {"path":"/Users/swayamchidrawar/repos/StatPad/backend/services/game_service.js","statementMap":{"0":{"start":{"line":11,"column":4},"end":{"line":29,"column":5}},"1":{"start":{"line":13,"column":19},"end":{"line":13,"column":38}},"2":{"start":{"line":15,"column":30},"end":{"line":18,"column":17}},"3":{"start":{"line":20,"column":6},"end":{"line":24,"column":7}},"4":{"start":{"line":21,"column":8},"end":{"line":23,"column":10}},"5":{"start":{"line":26,"column":6},"end":{"line":26,"column":40}},"6":{"start":{"line":28,"column":6},"end":{"line":28,"column":18}},"7":{"start":{"line":38,"column":4},"end":{"line":66,"column":5}},"8":{"start":{"line":39,"column":6},"end":{"line":41,"column":7}},"9":{"start":{"line":40,"column":8},"end":{"line":40,"column":47}},"10":{"start":{"line":43,"column":30},"end":{"line":48,"column":17}},"11":{"start":{"line":50,"column":6},"end":{"line":54,"column":7}},"12":{"start":{"line":51,"column":8},"end":{"line":53,"column":10}},"13":{"start":{"line":56,"column":6},"end":{"line":58,"column":7}},"14":{"start":{"line":57,"column":8},"end":{"line":57,"column":20}},"15":{"start":{"line":60,"column":19},"end":{"line":60,"column":45}},"16":{"start":{"line":63,"column":6},"end":{"line":63,"column":47}},"17":{"start":{"line":65,"column":6},"end":{"line":65,"column":18}},"18":{"start":{"line":75,"column":4},"end":{"line":80,"column":5}},"19":{"start":{"line":76,"column":19},"end":{"line":76,"column":52}},"20":{"start":{"line":77,"column":6},"end":{"line":77,"column":33}},"21":{"start":{"line":79,"column":6},"end":{"line":79,"column":18}},"22":{"start":{"line":90,"column":4},"end":{"line":128,"column":5}},"23":{"start":{"line":91,"column":6},"end":{"line":93,"column":7}},"24":{"start":{"line":92,"column":8},"end":{"line":92,"column":60}},"25":{"start":{"line":97,"column":8},"end":{"line":102,"column":19}},"26":{"start":{"line":104,"column":6},"end":{"line":106,"column":7}},"27":{"start":{"line":105,"column":8},"end":{"line":105,"column":58}},"28":{"start":{"line":108,"column":19},"end":{"line":108,"column":50}},"29":{"start":{"line":109,"column":6},"end":{"line":111,"column":7}},"30":{"start":{"line":110,"column":8},"end":{"line":110,"column":52}},"31":{"start":{"line":113,"column":30},"end":{"line":117,"column":17}},"32":{"start":{"line":119,"column":6},"end":{"line":123,"column":7}},"33":{"start":{"line":120,"column":8},"end":{"line":122,"column":10}},"34":{"start":{"line":125,"column":6},"end":{"line":125,"column":40}},"35":{"start":{"line":127,"column":6},"end":{"line":127,"column":18}},"36":{"start":{"line":137,"column":4},"end":{"line":159,"column":5}},"37":{"start":{"line":138,"column":6},"end":{"line":140,"column":7}},"38":{"start":{"line":139,"column":8},"end":{"line":139,"column":47}},"39":{"start":{"line":142,"column":30},"end":{"line":146,"column":50}},"40":{"start":{"line":148,"column":6},"end":{"line":152,"column":7}},"41":{"start":{"line":149,"column":8},"end":{"line":151,"column":10}},"42":{"start":{"line":154,"column":6},"end":{"line":156,"column":8}},"43":{"start":{"line":155,"column":8},"end":{"line":155,"column":35}},"44":{"start":{"line":158,"column":6},"end":{"line":158,"column":18}},"45":{"start":{"line":169,"column":4},"end":{"line":191,"column":5}},"46":{"start":{"line":170,"column":6},"end":{"line":172,"column":7}},"47":{"start":{"line":171,"column":8},"end":{"line":171,"column":60}},"48":{"start":{"line":174,"column":30},"end":{"line":179,"column":17}},"49":{"start":{"line":181,"column":6},"end":{"line":186,"column":7}},"50":{"start":{"line":182,"column":8},"end":{"line":184,"column":9}},"51":{"start":{"line":183,"column":10},"end":{"line":183,"column":22}},"52":{"start":{"line":185,"column":8},"end":{"line":185,"column":64}},"53":{"start":{"line":188,"column":6},"end":{"line":188,"column":37}},"54":{"start":{"line":190,"column":6},"end":{"line":190,"column":18}}},"fnMap":{"0":{"name":"(anonymous_0)","decl":{"start":{"line":10,"column":2},"end":{"line":10,"column":3}},"loc":{"start":{"line":10,"column":34},"end":{"line":30,"column":3}},"line":10},"1":{"name":"(anonymous_1)","decl":{"start":{"line":37,"column":2},"end":{"line":37,"column":3}},"loc":{"start":{"line":37,"column":38},"end":{"line":67,"column":3}},"line":37},"2":{"name":"(anonymous_2)","decl":{"start":{"line":74,"column":2},"end":{"line":74,"column":3}},"loc":{"start":{"line":74,"column":40},"end":{"line":81,"column":3}},"line":74},"3":{"name":"(anonymous_3)","decl":{"start":{"line":89,"column":2},"end":{"line":89,"column":3}},"loc":{"start":{"line":89,"column":42},"end":{"line":129,"column":3}},"line":89},"4":{"name":"(anonymous_4)","decl":{"start":{"line":136,"column":2},"end":{"line":136,"column":3}},"loc":{"start":{"line":136,"column":36},"end":{"line":160,"column":3}},"line":136},"5":{"name":"(anonymous_5)","decl":{"start":{"line":154,"column":22},"end":{"line":154,"column":23}},"loc":{"start":{"line":155,"column":8},"end":{"line":155,"column":35}},"line":155},"6":{"name":"(anonymous_6)","decl":{"start":{"line":168,"column":2},"end":{"line":168,"column":3}},"loc":{"start":{"line":168,"column":43},"end":{"line":192,"column":3}},"line":168}},"branchMap":{"0":{"loc":{"start":{"line":20,"column":6},"end":{"line":24,"column":7}},"type":"if","locations":[{"start":{"line":20,"column":6},"end":{"line":24,"column":7}},{"start":{},"end":{}}],"line":20},"1":{"loc":{"start":{"line":39,"column":6},"end":{"line":41,"column":7}},"type":"if","locations":[{"start":{"line":39,"column":6},"end":{"line":41,"column":7}},{"start":{},"end":{}}],"line":39},"2":{"loc":{"start":{"line":50,"column":6},"end":{"line":54,"column":7}},"type":"if","locations":[{"start":{"line":50,"column":6},"end":{"line":54,"column":7}},{"start":{},"end":{}}],"line":50},"3":{"loc":{"start":{"line":56,"column":6},"end":{"line":58,"column":7}},"type":"if","locations":[{"start":{"line":56,"column":6},"end":{"line":58,"column":7}},{"start":{},"end":{}}],"line":56},"4":{"loc":{"start":{"line":56,"column":10},"end":{"line":56,"column":36}},"type":"binary-expr","locations":[{"start":{"line":56,"column":10},"end":{"line":56,"column":15}},{"start":{"line":56,"column":19},"end":{"line":56,"column":36}}],"line":56},"5":{"loc":{"start":{"line":63,"column":13},"end":{"line":63,"column":46}},"type":"cond-expr","locations":[{"start":{"line":63,"column":35},"end":{"line":63,"column":39}},{"start":{"line":63,"column":42},"end":{"line":63,"column":46}}],"line":63},"6":{"loc":{"start":{"line":77,"column":13},"end":{"line":77,"column":32}},"type":"cond-expr","locations":[{"start":{"line":77,"column":20},"end":{"line":77,"column":27}},{"start":{"line":77,"column":30},"end":{"line":77,"column":32}}],"line":77},"7":{"loc":{"start":{"line":91,"column":6},"end":{"line":93,"column":7}},"type":"if","locations":[{"start":{"line":91,"column":6},"end":{"line":93,"column":7}},{"start":{},"end":{}}],"line":91},"8":{"loc":{"start":{"line":91,"column":10},"end":{"line":91,"column":28}},"type":"binary-expr","locations":[{"start":{"line":91,"column":10},"end":{"line":91,"column":17}},{"start":{"line":91,"column":21},"end":{"line":91,"column":28}}],"line":91},"9":{"loc":{"start":{"line":104,"column":6},"end":{"line":106,"column":7}},"type":"if","locations":[{"start":{"line":104,"column":6},"end":{"line":106,"column":7}},{"start":{},"end":{}}],"line":104},"10":{"loc":{"start":{"line":104,"column":10},"end":{"line":104,"column":37}},"type":"binary-expr","locations":[{"start":{"line":104,"column":10},"end":{"line":104,"column":20}},{"start":{"line":104,"column":24},"end":{"line":104,"column":37}}],"line":104},"11":{"loc":{"start":{"line":109,"column":6},"end":{"line":111,"column":7}},"type":"if","locations":[{"start":{"line":109,"column":6},"end":{"line":111,"column":7}},{"start":{},"end":{}}],"line":109},"12":{"loc":{"start":{"line":119,"column":6},"end":{"line":123,"column":7}},"type":"if","locations":[{"start":{"line":119,"column":6},"end":{"line":123,"column":7}},{"start":{},"end":{}}],"line":119},"13":{"loc":{"start":{"line":138,"column":6},"end":{"line":140,"column":7}},"type":"if","locations":[{"start":{"line":138,"column":6},"end":{"line":140,"column":7}},{"start":{},"end":{}}],"line":138},"14":{"loc":{"start":{"line":148,"column":6},"end":{"line":152,"column":7}},"type":"if","locations":[{"start":{"line":148,"column":6},"end":{"line":152,"column":7}},{"start":{},"end":{}}],"line":148},"15":{"loc":{"start":{"line":170,"column":6},"end":{"line":172,"column":7}},"type":"if","locations":[{"start":{"line":170,"column":6},"end":{"line":172,"column":7}},{"start":{},"end":{}}],"line":170},"16":{"loc":{"start":{"line":170,"column":10},"end":{"line":170,"column":28}},"type":"binary-expr","locations":[{"start":{"line":170,"column":10},"end":{"line":170,"column":17}},{"start":{"line":170,"column":21},"end":{"line":170,"column":28}}],"line":170},"17":{"loc":{"start":{"line":181,"column":6},"end":{"line":186,"column":7}},"type":"if","locations":[{"start":{"line":181,"column":6},"end":{"line":186,"column":7}},{"start":{},"end":{}}],"line":181},"18":{"loc":{"start":{"line":182,"column":8},"end":{"line":184,"column":9}},"type":"if","locations":[{"start":{"line":182,"column":8},"end":{"line":184,"column":9}},{"start":{},"end":{}}],"line":182}},"s":{"0":3,"1":3,"2":2,"3":2,"4":1,"5":1,"6":2,"7":7,"8":7,"9":1,"10":6,"11":6,"12":1,"13":5,"14":2,"15":3,"16":3,"17":2,"18":2,"19":2,"20":2,"21":0,"22":5,"23":5,"24":2,"25":3,"26":3,"27":1,"28":2,"29":2,"30":1,"31":1,"32":1,"33":0,"34":1,"35":4,"36":2,"37":2,"38":1,"39":1,"40":1,"41":0,"42":1,"43":2,"44":1,"45":5,"46":5,"47":2,"48":3,"49":3,"50":2,"51":1,"52":1,"53":1,"54":3},"f":{"0":3,"1":7,"2":2,"3":5,"4":2,"5":2,"6":5},"b":{"0":[1,1],"1":[1,6],"2":[1,5],"3":[2,3],"4":[5,5],"5":[2,1],"6":[1,1],"7":[2,3],"8":[5,4],"9":[1,2],"10":[3,2],"11":[1,1],"12":[0,1],"13":[1,1],"14":[0,1],"15":[2,3],"16":[5,4],"17":[2,1],"18":[1,1]},"_coverageSchema":"1a1c01bbd47fc00a2c39e90264f33305004495a9","hash":"70873d8a58a0bbf817ffa44581f3afb6fccb3558"}
,"/Users/swayamchidrawar/repos/StatPad/backend/services/user_service.js": {"path":"/Users/swayamchidrawar/repos/StatPad/backend/services/user_service.js","statementMap":{"0":{"start":{"line":9,"column":4},"end":{"line":22,"column":5}},"1":{"start":{"line":11,"column":8},"end":{"line":11,"column":45}},"2":{"start":{"line":13,"column":6},"end":{"line":17,"column":7}},"3":{"start":{"line":14,"column":8},"end":{"line":16,"column":10}},"4":{"start":{"line":19,"column":6},"end":{"line":19,"column":30}},"5":{"start":{"line":21,"column":6},"end":{"line":21,"column":18}},"6":{"start":{"line":31,"column":4},"end":{"line":49,"column":5}},"7":{"start":{"line":32,"column":6},"end":{"line":34,"column":7}},"8":{"start":{"line":33,"column":8},"end":{"line":33,"column":47}},"9":{"start":{"line":37,"column":8},"end":{"line":37,"column":53}},"10":{"start":{"line":39,"column":6},"end":{"line":44,"column":7}},"11":{"start":{"line":40,"column":8},"end":{"line":42,"column":9}},"12":{"start":{"line":41,"column":10},"end":{"line":41,"column":22}},"13":{"start":{"line":43,"column":8},"end":{"line":43,"column":64}},"14":{"start":{"line":46,"column":6},"end":{"line":46,"column":23}},"15":{"start":{"line":48,"column":6},"end":{"line":48,"column":18}},"16":{"start":{"line":59,"column":6},"end":{"line":59,"column":78}},"17":{"start":{"line":60,"column":4},"end":{"line":62,"column":6}},"18":{"start":{"line":71,"column":4},"end":{"line":73,"column":5}},"19":{"start":{"line":72,"column":6},"end":{"line":72,"column":49}},"20":{"start":{"line":75,"column":4},"end":{"line":82,"column":6}},"21":{"start":{"line":91,"column":4},"end":{"line":96,"column":5}},"22":{"start":{"line":92,"column":19},"end":{"line":92,"column":49}},"23":{"start":{"line":93,"column":6},"end":{"line":93,"column":27}},"24":{"start":{"line":95,"column":6},"end":{"line":95,"column":19}},"25":{"start":{"line":107,"column":4},"end":{"line":132,"column":5}},"26":{"start":{"line":108,"column":6},"end":{"line":112,"column":7}},"27":{"start":{"line":109,"column":8},"end":{"line":111,"column":10}},"28":{"start":{"line":114,"column":30},"end":{"line":121,"column":7}},"29":{"start":{"line":123,"column":6},"end":{"line":127,"column":7}},"30":{"start":{"line":124,"column":8},"end":{"line":126,"column":10}},"31":{"start":{"line":129,"column":6},"end":{"line":129,"column":24}},"32":{"start":{"line":131,"column":6},"end":{"line":131,"column":18}},"33":{"start":{"line":140,"column":4},"end":{"line":154,"column":5}},"34":{"start":{"line":141,"column":30},"end":{"line":143,"column":7}},"35":{"start":{"line":145,"column":6},"end":{"line":149,"column":7}},"36":{"start":{"line":146,"column":8},"end":{"line":148,"column":10}},"37":{"start":{"line":151,"column":6},"end":{"line":151,"column":24}},"38":{"start":{"line":153,"column":6},"end":{"line":153,"column":18}}},"fnMap":{"0":{"name":"(anonymous_0)","decl":{"start":{"line":8,"column":2},"end":{"line":8,"column":3}},"loc":{"start":{"line":8,"column":29},"end":{"line":23,"column":3}},"line":8},"1":{"name":"(anonymous_1)","decl":{"start":{"line":30,"column":2},"end":{"line":30,"column":3}},"loc":{"start":{"line":30,"column":35},"end":{"line":50,"column":3}},"line":30},"2":{"name":"(anonymous_2)","decl":{"start":{"line":57,"column":2},"end":{"line":57,"column":3}},"loc":{"start":{"line":57,"column":32},"end":{"line":63,"column":3}},"line":57},"3":{"name":"(anonymous_3)","decl":{"start":{"line":70,"column":2},"end":{"line":70,"column":3}},"loc":{"start":{"line":70,"column":33},"end":{"line":83,"column":3}},"line":70},"4":{"name":"(anonymous_4)","decl":{"start":{"line":90,"column":2},"end":{"line":90,"column":3}},"loc":{"start":{"line":90,"column":34},"end":{"line":97,"column":3}},"line":90},"5":{"name":"(anonymous_5)","decl":{"start":{"line":106,"column":2},"end":{"line":106,"column":3}},"loc":{"start":{"line":106,"column":56},"end":{"line":133,"column":3}},"line":106},"6":{"name":"(anonymous_6)","decl":{"start":{"line":139,"column":2},"end":{"line":139,"column":3}},"loc":{"start":{"line":139,"column":33},"end":{"line":155,"column":3}},"line":139}},"branchMap":{"0":{"loc":{"start":{"line":13,"column":6},"end":{"line":17,"column":7}},"type":"if","locations":[{"start":{"line":13,"column":6},"end":{"line":17,"column":7}},{"start":{},"end":{}}],"line":13},"1":{"loc":{"start":{"line":19,"column":13},"end":{"line":19,"column":29}},"type":"binary-expr","locations":[{"start":{"line":19,"column":13},"end":{"line":19,"column":23}},{"start":{"line":19,"column":27},"end":{"line":19,"column":29}}],"line":19},"2":{"loc":{"start":{"line":32,"column":6},"end":{"line":34,"column":7}},"type":"if","locations":[{"start":{"line":32,"column":6},"end":{"line":34,"column":7}},{"start":{},"end":{}}],"line":32},"3":{"loc":{"start":{"line":39,"column":6},"end":{"line":44,"column":7}},"type":"if","locations":[{"start":{"line":39,"column":6},"end":{"line":44,"column":7}},{"start":{},"end":{}}],"line":39},"4":{"loc":{"start":{"line":40,"column":8},"end":{"line":42,"column":9}},"type":"if","locations":[{"start":{"line":40,"column":8},"end":{"line":42,"column":9}},{"start":{},"end":{}}],"line":40},"5":{"loc":{"start":{"line":61,"column":6},"end":{"line":61,"column":60}},"type":"binary-expr","locations":[{"start":{"line":61,"column":6},"end":{"line":61,"column":32}},{"start":{"line":61,"column":36},"end":{"line":61,"column":60}}],"line":61},"6":{"loc":{"start":{"line":71,"column":4},"end":{"line":73,"column":5}},"type":"if","locations":[{"start":{"line":71,"column":4},"end":{"line":73,"column":5}},{"start":{},"end":{}}],"line":71},"7":{"loc":{"start":{"line":78,"column":21},"end":{"line":78,"column":45}},"type":"binary-expr","locations":[{"start":{"line":78,"column":21},"end":{"line":78,"column":39}},{"start":{"line":78,"column":43},"end":{"line":78,"column":45}}],"line":78},"8":{"loc":{"start":{"line":79,"column":20},"end":{"line":79,"column":43}},"type":"binary-expr","locations":[{"start":{"line":79,"column":20},"end":{"line":79,"column":37}},{"start":{"line":79,"column":41},"end":{"line":79,"column":43}}],"line":79},"9":{"loc":{"start":{"line":108,"column":6},"end":{"line":112,"column":7}},"type":"if","locations":[{"start":{"line":108,"column":6},"end":{"line":112,"column":7}},{"start":{},"end":{}}],"line":108},"10":{"loc":{"start":{"line":108,"column":10},"end":{"line":108,"column":43}},"type":"binary-expr","locations":[{"start":{"line":108,"column":10},"end":{"line":108,"column":17}},{"start":{"line":108,"column":21},"end":{"line":108,"column":31}},{"start":{"line":108,"column":35},"end":{"line":108,"column":43}}],"line":108},"11":{"loc":{"start":{"line":123,"column":6},"end":{"line":127,"column":7}},"type":"if","locations":[{"start":{"line":123,"column":6},"end":{"line":127,"column":7}},{"start":{},"end":{}}],"line":123},"12":{"loc":{"start":{"line":129,"column":13},"end":{"line":129,"column":23}},"type":"binary-expr","locations":[{"start":{"line":129,"column":13},"end":{"line":129,"column":17}},{"start":{"line":129,"column":21},"end":{"line":129,"column":23}}],"line":129},"13":{"loc":{"start":{"line":145,"column":6},"end":{"line":149,"column":7}},"type":"if","locations":[{"start":{"line":145,"column":6},"end":{"line":149,"column":7}},{"start":{},"end":{}}],"line":145},"14":{"loc":{"start":{"line":151,"column":13},"end":{"line":151,"column":23}},"type":"binary-expr","locations":[{"start":{"line":151,"column":13},"end":{"line":151,"column":17}},{"start":{"line":151,"column":21},"end":{"line":151,"column":23}}],"line":151}},"s":{"0":3,"1":3,"2":3,"3":1,"4":2,"5":1,"6":7,"7":7,"8":1,"9":6,"10":5,"11":3,"12":2,"13":1,"14":2,"15":3,"16":16,"17":16,"18":4,"19":2,"20":2,"21":3,"22":3,"23":2,"24":1,"25":6,"26":6,"27":3,"28":3,"29":3,"30":1,"31":2,"32":4,"33":3,"34":3,"35":3,"36":1,"37":2,"38":1},"f":{"0":3,"1":7,"2":16,"3":4,"4":3,"5":6,"6":3},"b":{"0":[1,2],"1":[2,1],"2":[1,6],"3":[3,2],"4":[2,1],"5":[16,10],"6":[2,2],"7":[2,1],"8":[2,1],"9":[3,3],"10":[6,5,4],"11":[1,2],"12":[2,1],"13":[1,2],"14":[2,1]},"_coverageSchema":"1a1c01bbd47fc00a2c39e90264f33305004495a9","hash":"cdbafe79ef16434008f3ac5412c95650db110ba2"}
}
