TN:
SF:services/auth-service.js
FN:4,(anonymous_0)
FN:8,(anonymous_1)
FN:28,(anonymous_2)
FN:49,(anonymous_3)
FNF:4
FNH:4
FNDA:12,(anonymous_0)
FNDA:5,(anonymous_1)
FNDA:4,(anonymous_2)
FNDA:3,(anonymous_3)
DA:5,12
DA:9,5
DA:10,3
DA:13,2
DA:18,2
DA:19,1
DA:22,1
DA:29,4
DA:30,2
DA:33,2
DA:38,2
DA:39,1
DA:42,1
DA:50,3
DA:52,3
DA:53,2
DA:56,1
LF:17
LH:17
BRDA:4,0,0,0
BRDA:9,1,0,3
BRDA:9,1,1,2
BRDA:9,2,0,5
BRDA:9,2,1,3
BRDA:18,3,0,1
BRDA:18,3,1,1
BRDA:29,4,0,2
BRDA:29,4,1,2
BRDA:29,5,0,4
BRDA:29,5,1,3
BRDA:38,6,0,1
BRDA:38,6,1,1
BRDA:52,7,0,2
BRDA:52,7,1,1
BRDA:52,8,0,3
BRDA:52,8,1,2
BRF:17
BRH:16
end_of_record
TN:
SF:services/error-service.js
FN:4,(anonymous_0)
FN:9,(anonymous_1)
FN:32,(anonymous_2)
FN:50,(anonymous_3)
FN:70,(anonymous_4)
FN:85,(anonymous_5)
FN:91,(anonymous_6)
FNF:7
FNH:7
FNDA:17,(anonymous_0)
FNDA:6,(anonymous_1)
FNDA:6,(anonymous_2)
FNDA:4,(anonymous_3)
FNDA:4,(anonymous_4)
FNDA:3,(anonymous_5)
FNDA:2,(anonymous_6)
DA:5,17
DA:6,17
DA:10,6
DA:11,3
DA:15,3
DA:17,2
DA:25,2
DA:26,1
DA:29,1
DA:33,6
DA:34,1
DA:37,5
DA:43,5
DA:44,2
DA:47,3
DA:51,4
DA:52,1
DA:55,3
DA:57,3
DA:63,3
DA:64,1
DA:67,2
DA:71,4
DA:72,1
DA:75,3
DA:81,3
DA:82,1
DA:85,2
DA:86,3
DA:87,3
DA:88,3
DA:91,2
LF:32
LH:32
BRDA:4,0,0,0
BRDA:4,1,0,0
BRDA:10,2,0,3
BRDA:10,2,1,3
BRDA:10,3,0,6
BRDA:10,3,1,5
BRDA:10,3,2,4
BRDA:25,4,0,1
BRDA:25,4,1,1
BRDA:33,5,0,1
BRDA:33,5,1,5
BRDA:43,6,0,2
BRDA:43,6,1,3
BRDA:43,7,0,5
BRDA:43,7,1,3
BRDA:51,8,0,1
BRDA:51,8,1,3
BRDA:63,9,0,1
BRDA:63,9,1,2
BRDA:67,10,0,2
BRDA:67,10,1,1
BRDA:71,11,0,1
BRDA:71,11,1,3
BRDA:81,12,0,1
BRDA:81,12,1,2
BRDA:87,13,0,3
BRDA:87,13,1,2
BRF:27
BRH:25
end_of_record
TN:
SF:services/game-service.js
FN:4,(anonymous_0)
FN:9,(anonymous_1)
FN:29,(anonymous_2)
FN:46,(anonymous_3)
FN:70,(anonymous_4)
FNF:5
FNH:5
FNDA:15,(anonymous_0)
FNDA:3,(anonymous_1)
FNDA:3,(anonymous_2)
FNDA:5,(anonymous_3)
FNDA:4,(anonymous_4)
DA:5,15
DA:6,15
DA:10,3
DA:11,1
DA:14,2
DA:19,2
DA:20,1
DA:23,1
DA:30,3
DA:31,1
DA:34,2
DA:39,2
DA:40,1
DA:43,1
DA:47,5
DA:48,1
DA:51,4
DA:58,4
DA:59,1
DA:62,3
DA:63,1
DA:66,2
DA:67,2
DA:71,4
DA:72,2
DA:75,2
DA:82,2
DA:83,1
DA:86,1
LF:29
LH:29
BRDA:4,0,0,0
BRDA:4,1,0,0
BRDA:10,2,0,1
BRDA:10,2,1,2
BRDA:19,3,0,1
BRDA:19,3,1,1
BRDA:30,4,0,1
BRDA:30,4,1,2
BRDA:39,5,0,1
BRDA:39,5,1,1
BRDA:47,6,0,1
BRDA:47,6,1,4
BRDA:58,7,0,1
BRDA:58,7,1,3
BRDA:62,8,0,1
BRDA:62,8,1,2
BRDA:62,9,0,3
BRDA:62,9,1,3
BRDA:66,10,0,1
BRDA:66,10,1,1
BRDA:71,11,0,2
BRDA:71,11,1,2
BRDA:71,12,0,4
BRDA:71,12,1,3
BRDA:82,13,0,1
BRDA:82,13,1,1
BRDA:82,14,0,2
BRDA:82,14,1,1
BRF:28
BRH:26
end_of_record
TN:
SF:services/stats-service.js
FN:4,(anonymous_0)
FN:9,(anonymous_1)
FN:27,(anonymous_2)
FN:51,(anonymous_3)
FN:76,(anonymous_4)
FNF:5
FNH:5
FNDA:12,(anonymous_0)
FNDA:5,(anonymous_1)
FNDA:3,(anonymous_2)
FNDA:2,(anonymous_3)
FNDA:2,(anonymous_4)
DA:5,12
DA:6,12
DA:10,5
DA:11,3
DA:14,2
DA:20,2
DA:21,1
DA:24,1
DA:28,3
DA:29,1
DA:32,2
DA:37,2
DA:38,1
DA:41,1
DA:43,1
DA:52,2
DA:56,2
DA:57,1
DA:65,1
DA:67,1
DA:77,2
DA:79,2
DA:80,1
DA:83,1
LF:24
LH:24
BRDA:4,0,0,0
BRDA:4,1,0,0
BRDA:10,2,0,3
BRDA:10,2,1,2
BRDA:10,3,0,5
BRDA:10,3,1,4
BRDA:10,3,2,3
BRDA:20,4,0,1
BRDA:20,4,1,1
BRDA:28,5,0,1
BRDA:28,5,1,2
BRDA:37,6,0,1
BRDA:37,6,1,1
BRDA:56,7,0,1
BRDA:56,7,1,1
BRDA:79,8,0,1
BRDA:79,8,1,1
BRF:17
BRH:15
end_of_record
